#-----------------------------------------------------------
# Webtalk v2015.4 (64-bit)
# SW Build 1412921 on Wed Nov 18 09:43:45 MST 2015
# 
# Start of session at: Thu Jan 21 22:45:55 2016
# Process ID: 10396
# Current directory: C:/Users/engrm_000/OneDrive/Vivado_Design_Suite/adder_intergrater/adder_intergrater.sdk/webtalk
# Command line: wbtcv.exe -mode batch -source sdk_webtalk.tcl
# Log file: C:/Users/engrm_000/OneDrive/Vivado_Design_Suite/adder_intergrater/adder_intergrater.sdk/webtalk/webtalk.log
# Journal file: C:/Users/engrm_000/OneDrive/Vivado_Design_Suite/adder_intergrater/adder_intergrater.sdk/webtalk\webtalk.jou
#-----------------------------------------------------------
source sdk_webtalk.tcl
# webtalk_init -webtalk_dir C:\\Users\\engrm_000\\OneDrive\\Vivado_Design_Suite\\adder_intergrater\\adder_intergrater.sdk\\webtalk
# webtalk_register_client -client project
# webtalk_add_data -client project -key date_generated -value "Thu Jan 21 22:45:49 2016" -context "software_version_and_target_device"
# webtalk_add_data -client project -key product_version -value "SDK v2015.4" -context "software_version_and_target_device"
# webtalk_add_data -client project -key build_version -value "2015.4" -context "software_version_and_target_device"
# webtalk_add_data -client project -key os_platform -value "amd64" -context "software_version_and_target_device"
# webtalk_add_data -client project -key registration_id -value "" -context "software_version_and_target_device"
# webtalk_add_data -client project -key tool_flow -value "SDK" -context "software_version_and_target_device"
# webtalk_add_data -client project -key beta -value "false" -context "software_version_and_target_device"
# webtalk_add_data -client project -key route_design -value "NA" -context "software_version_and_target_device"
# webtalk_add_data -client project -key target_family -value "NA" -context "software_version_and_target_device"
# webtalk_add_data -client project -key target_device -value "NA" -context "software_version_and_target_device"
# webtalk_add_data -client project -key target_package -value "NA" -context "software_version_and_target_device"
# webtalk_add_data -client project -key target_speed -value "NA" -context "software_version_and_target_device"
# webtalk_add_data -client project -key random_id -value "hrqnnlmkgkspjhnee1r251j9ur" -context "software_version_and_target_device"
# webtalk_add_data -client project -key project_id -value "2015.4_17" -context "software_version_and_target_device"
# webtalk_add_data -client project -key project_iteration -value "17" -context "software_version_and_target_device"
# webtalk_add_data -client project -key os_name -value "" -context "user_environment"
# webtalk_add_data -client project -key os_release -value "" -context "user_environment"
# webtalk_add_data -client project -key cpu_name -value "" -context "user_environment"
# webtalk_add_data -client project -key cpu_speed -value "" -context "user_environment"
# webtalk_add_data -client project -key total_processors -value "" -context "user_environment"
# webtalk_add_data -client project -key system_ram -value "" -context "user_environment"
# webtalk_register_client -client sdk
# webtalk_add_data -client sdk -key uid -value "1453401497648" -context "sdk\\\\bsp/1453401497648"
# webtalk_add_data -client sdk -key hwid -value "1453395383501" -context "sdk\\\\bsp/1453401497648"
# webtalk_add_data -client sdk -key os -value "standalone" -context "sdk\\\\bsp/1453401497648"
# webtalk_add_data -client sdk -key apptemplate -value "empty_application" -context "sdk\\\\bsp/1453401497648"
# webtalk_add_data -client sdk -key uid -value "1453401507224" -context "sdk\\\\application/1453401507224"
# webtalk_add_data -client sdk -key hwid -value "1453395383501" -context "sdk\\\\application/1453401507224"
# webtalk_add_data -client sdk -key bspid -value "1453401497648" -context "sdk\\\\application/1453401507224"
# webtalk_add_data -client sdk -key newbsp -value "true" -context "sdk\\\\application/1453401507224"
# webtalk_add_data -client sdk -key os -value "standalone" -context "sdk\\\\application/1453401507224"
# webtalk_add_data -client sdk -key apptemplate -value "empty_application" -context "sdk\\\\application/1453401507224"
# webtalk_add_data -client sdk -key uid -value "1453401597005" -context "sdk\\\\bsp/1453401597005"
# webtalk_add_data -client sdk -key hwid -value "1453395383501" -context "sdk\\\\bsp/1453401597005"
# webtalk_add_data -client sdk -key os -value "standalone" -context "sdk\\\\bsp/1453401597005"
# webtalk_add_data -client sdk -key apptemplate -value "hello_world" -context "sdk\\\\bsp/1453401597005"
# webtalk_add_data -client sdk -key uid -value "1453401598899" -context "sdk\\\\application/1453401598899"
# webtalk_add_data -client sdk -key hwid -value "1453395383501" -context "sdk\\\\application/1453401598899"
# webtalk_add_data -client sdk -key bspid -value "1453401597005" -context "sdk\\\\application/1453401598899"
# webtalk_add_data -client sdk -key newbsp -value "true" -context "sdk\\\\application/1453401598899"
# webtalk_add_data -client sdk -key os -value "standalone" -context "sdk\\\\application/1453401598899"
# webtalk_add_data -client sdk -key apptemplate -value "hello_world" -context "sdk\\\\application/1453401598899"
# webtalk_transmit -clientid 4068405931 -regid "" -xml C:\\Users\\engrm_000\\OneDrive\\Vivado_Design_Suite\\adder_intergrater\\adder_intergrater.sdk\\webtalk\\usage_statistics_ext_sdk.xml -html C:\\Users\\engrm_000\\OneDrive\\Vivado_Design_Suite\\adder_intergrater\\adder_intergrater.sdk\\webtalk\\usage_statistics_ext_sdk.html -wdm C:\\Users\\engrm_000\\OneDrive\\Vivado_Design_Suite\\adder_intergrater\\adder_intergrater.sdk\\webtalk\\sdk_webtalk.wdm -intro "<H3>SDK Usage Report</H3><BR>"

    while executing
"webtalk_transmit -clientid 4068405931 -regid "" -xml C:\\Users\\engrm_000\\OneDrive\\Vivado_Design_Suite\\adder_intergrater\\adder_intergrater.sdk\\we..."
    (file "sdk_webtalk.tcl" line 45)
INFO: [Common 17-206] Exiting Webtalk at Thu Jan 21 22:46:02 2016...
