16:52:36 INFO  : Launching XSDB server: xsdb.bat C:/Xilinx/SDK/2015.4/scripts/xsdb/xsdb/xsdb-server.tcl
16:52:38 INFO  : XSDB server has started successfully.
16:52:39 INFO  : Processing command line option -hwspec C:/Users/engrm_000/OneDrive/Vivado_Design_Suite/adder_intergrater/adder_intergrater.sdk/design_1_wrapper.hdf.
17:00:47 INFO  : Connected to target on host '127.0.0.1' and port '3121'.
17:01:04 INFO  : Connected to target on host '127.0.0.1' and port '3121'.
17:01:35 INFO  : Connected to target on host '127.0.0.1' and port '3121'.
17:02:54 INFO  : Connected to target on host '127.0.0.1' and port '3121'.
17:02:54 INFO  : 'targets -set -filter {jtag_cable_name =~ "Digilent Zed 210248447539" && level==0} -index 1' command is executed.
17:02:56 INFO  : FPGA configured successfully with bitstream "C:/Users/engrm_000/OneDrive/Vivado_Design_Suite/adder_intergrater/adder_intergrater.sdk/design_1_wrapper_hw_platform_0/design_1_wrapper.bit"
17:03:40 INFO  : 'targets -set -filter {jtag_cable_name =~ "Digilent Zed 210248447539" && level==0} -index 1' command is executed.
17:03:40 INFO  : 'fpga -state' command is executed.
17:03:41 INFO  : Connected to target on host '127.0.0.1' and port '3121'.
17:03:41 INFO  : Sourcing of 'C:/Users/engrm_000/OneDrive/Vivado_Design_Suite/adder_intergrater/adder_intergrater.sdk/design_1_wrapper_hw_platform_0/ps7_init.tcl' is done.
17:03:41 INFO  : 'targets -set -filter {name =~"APU" && jtag_cable_name =~ "Digilent Zed 210248447539"} -index 0' command is executed.
17:03:41 INFO  : Hardware design information is loaded from 'C:/Users/engrm_000/OneDrive/Vivado_Design_Suite/adder_intergrater/adder_intergrater.sdk/design_1_wrapper_hw_platform_0/system.hdf'.
17:03:41 INFO  : 'targets -set -filter {name =~"APU" && jtag_cable_name =~ "Digilent Zed 210248447539"} -index 0' command is executed.
17:03:42 INFO  : 'stop' command is executed.
17:03:42 INFO  : 'ps7_init' command is executed.
17:03:42 INFO  : 'ps7_post_config' command is executed.
17:03:42 INFO  : 'con' command is executed.
17:03:43 INFO  : Context for processor 'ps7_cortexa9_0' is selected.
17:03:43 INFO  : Processor reset is completed for 'ps7_cortexa9_0'.
17:03:43 INFO  : Context for processor 'ps7_cortexa9_0' is selected.
17:03:43 INFO  : The application 'C:/Users/engrm_000/OneDrive/Vivado_Design_Suite/adder_intergrater/adder_intergrater.sdk/adder_test/Debug/adder_test.elf' is downloaded to processor 'ps7_cortexa9_0'.
17:03:43 INFO  : ----------------XSDB Script----------------
connect -url tcp:127.0.0.1:3121
source C:/Users/engrm_000/OneDrive/Vivado_Design_Suite/adder_intergrater/adder_intergrater.sdk/design_1_wrapper_hw_platform_0/ps7_init.tcl
targets -set -filter {name =~"APU" && jtag_cable_name =~ "Digilent Zed 210248447539"} -index 0
loadhw C:/Users/engrm_000/OneDrive/Vivado_Design_Suite/adder_intergrater/adder_intergrater.sdk/design_1_wrapper_hw_platform_0/system.hdf
targets -set -filter {name =~"APU" && jtag_cable_name =~ "Digilent Zed 210248447539"} -index 0
stop
ps7_init
ps7_post_config
con
targets -set -nocase -filter {name =~ "ARM*#0" && jtag_cable_name =~ "Digilent Zed 210248447539"} -index 0
rst -processor
targets -set -nocase -filter {name =~ "ARM*#0" && jtag_cable_name =~ "Digilent Zed 210248447539"} -index 0
dow C:/Users/engrm_000/OneDrive/Vivado_Design_Suite/adder_intergrater/adder_intergrater.sdk/adder_test/Debug/adder_test.elf
----------------End of Script----------------

17:03:43 INFO  : Memory regions updated for context APU
17:03:44 INFO  : Context for processor 'ps7_cortexa9_0' is selected.
17:03:44 INFO  : 'con' command is executed.
17:03:44 INFO  : ----------------XSDB Script (After Launch)----------------
targets -set -nocase -filter {name =~ "ARM*#0" && jtag_cable_name =~ "Digilent Zed 210248447539"} -index 0
con
----------------End of Script----------------

17:04:16 INFO  : Disconnected from the channel tcfchan#1.
17:04:16 INFO  : 'targets -set -filter {jtag_cable_name =~ "Digilent Zed 210248447539" && level==0} -index 1' command is executed.
17:04:17 INFO  : 'fpga -state' command is executed.
17:04:17 INFO  : Connected to target on host '127.0.0.1' and port '3121'.
17:04:17 INFO  : Sourcing of 'C:/Users/engrm_000/OneDrive/Vivado_Design_Suite/adder_intergrater/adder_intergrater.sdk/design_1_wrapper_hw_platform_0/ps7_init.tcl' is done.
17:04:17 INFO  : 'targets -set -filter {name =~"APU" && jtag_cable_name =~ "Digilent Zed 210248447539"} -index 0' command is executed.
17:04:22 INFO  : Hardware design information is loaded from 'C:/Users/engrm_000/OneDrive/Vivado_Design_Suite/adder_intergrater/adder_intergrater.sdk/design_1_wrapper_hw_platform_0/system.hdf'.
17:04:23 INFO  : 'targets -set -filter {name =~"APU" && jtag_cable_name =~ "Digilent Zed 210248447539"} -index 0' command is executed.
17:04:23 INFO  : 'stop' command is executed.
17:04:23 INFO  : 'ps7_init' command is executed.
17:04:23 INFO  : 'ps7_post_config' command is executed.
17:04:23 INFO  : 'con' command is executed.
17:04:24 INFO  : Context for processor 'ps7_cortexa9_0' is selected.
17:04:24 INFO  : Processor reset is completed for 'ps7_cortexa9_0'.
17:04:24 INFO  : Context for processor 'ps7_cortexa9_0' is selected.
17:04:24 INFO  : The application 'C:/Users/engrm_000/OneDrive/Vivado_Design_Suite/adder_intergrater/adder_intergrater.sdk/adder_test/Debug/adder_test.elf' is downloaded to processor 'ps7_cortexa9_0'.
17:04:24 INFO  : ----------------XSDB Script----------------
connect -url tcp:127.0.0.1:3121
source C:/Users/engrm_000/OneDrive/Vivado_Design_Suite/adder_intergrater/adder_intergrater.sdk/design_1_wrapper_hw_platform_0/ps7_init.tcl
targets -set -filter {name =~"APU" && jtag_cable_name =~ "Digilent Zed 210248447539"} -index 0
loadhw C:/Users/engrm_000/OneDrive/Vivado_Design_Suite/adder_intergrater/adder_intergrater.sdk/design_1_wrapper_hw_platform_0/system.hdf
targets -set -filter {name =~"APU" && jtag_cable_name =~ "Digilent Zed 210248447539"} -index 0
stop
ps7_init
ps7_post_config
con
targets -set -nocase -filter {name =~ "ARM*#0" && jtag_cable_name =~ "Digilent Zed 210248447539"} -index 0
rst -processor
targets -set -nocase -filter {name =~ "ARM*#0" && jtag_cable_name =~ "Digilent Zed 210248447539"} -index 0
dow C:/Users/engrm_000/OneDrive/Vivado_Design_Suite/adder_intergrater/adder_intergrater.sdk/adder_test/Debug/adder_test.elf
----------------End of Script----------------

17:04:24 INFO  : Memory regions updated for context APU
17:04:24 INFO  : Context for processor 'ps7_cortexa9_0' is selected.
17:04:24 INFO  : 'con' command is executed.
17:04:24 INFO  : ----------------XSDB Script (After Launch)----------------
targets -set -nocase -filter {name =~ "ARM*#0" && jtag_cable_name =~ "Digilent Zed 210248447539"} -index 0
con
----------------End of Script----------------

17:05:32 INFO  : Disconnected from the channel tcfchan#2.
17:05:32 INFO  : 'targets -set -filter {jtag_cable_name =~ "Digilent Zed 210248447539" && level==0} -index 1' command is executed.
17:05:32 INFO  : 'fpga -state' command is executed.
17:05:32 INFO  : Connected to target on host '127.0.0.1' and port '3121'.
17:05:33 INFO  : Sourcing of 'C:/Users/engrm_000/OneDrive/Vivado_Design_Suite/adder_intergrater/adder_intergrater.sdk/design_1_wrapper_hw_platform_0/ps7_init.tcl' is done.
17:05:33 INFO  : 'targets -set -filter {name =~"APU" && jtag_cable_name =~ "Digilent Zed 210248447539"} -index 0' command is executed.
17:05:36 INFO  : Hardware design information is loaded from 'C:/Users/engrm_000/OneDrive/Vivado_Design_Suite/adder_intergrater/adder_intergrater.sdk/design_1_wrapper_hw_platform_0/system.hdf'.
17:05:36 INFO  : 'targets -set -filter {name =~"APU" && jtag_cable_name =~ "Digilent Zed 210248447539"} -index 0' command is executed.
17:05:37 INFO  : 'stop' command is executed.
17:05:37 INFO  : 'ps7_init' command is executed.
17:05:37 INFO  : 'ps7_post_config' command is executed.
17:05:37 INFO  : 'con' command is executed.
17:05:38 INFO  : Context for processor 'ps7_cortexa9_0' is selected.
17:05:38 INFO  : Processor reset is completed for 'ps7_cortexa9_0'.
17:05:38 INFO  : Context for processor 'ps7_cortexa9_0' is selected.
17:05:38 INFO  : The application 'C:/Users/engrm_000/OneDrive/Vivado_Design_Suite/adder_intergrater/adder_intergrater.sdk/adder_test/Debug/adder_test.elf' is downloaded to processor 'ps7_cortexa9_0'.
17:05:38 INFO  : ----------------XSDB Script----------------
connect -url tcp:127.0.0.1:3121
source C:/Users/engrm_000/OneDrive/Vivado_Design_Suite/adder_intergrater/adder_intergrater.sdk/design_1_wrapper_hw_platform_0/ps7_init.tcl
targets -set -filter {name =~"APU" && jtag_cable_name =~ "Digilent Zed 210248447539"} -index 0
loadhw C:/Users/engrm_000/OneDrive/Vivado_Design_Suite/adder_intergrater/adder_intergrater.sdk/design_1_wrapper_hw_platform_0/system.hdf
targets -set -filter {name =~"APU" && jtag_cable_name =~ "Digilent Zed 210248447539"} -index 0
stop
ps7_init
ps7_post_config
con
targets -set -nocase -filter {name =~ "ARM*#0" && jtag_cable_name =~ "Digilent Zed 210248447539"} -index 0
rst -processor
targets -set -nocase -filter {name =~ "ARM*#0" && jtag_cable_name =~ "Digilent Zed 210248447539"} -index 0
dow C:/Users/engrm_000/OneDrive/Vivado_Design_Suite/adder_intergrater/adder_intergrater.sdk/adder_test/Debug/adder_test.elf
----------------End of Script----------------

17:05:38 INFO  : Memory regions updated for context APU
17:05:38 INFO  : Context for processor 'ps7_cortexa9_0' is selected.
17:05:38 INFO  : 'con' command is executed.
17:05:38 INFO  : ----------------XSDB Script (After Launch)----------------
targets -set -nocase -filter {name =~ "ARM*#0" && jtag_cable_name =~ "Digilent Zed 210248447539"} -index 0
con
----------------End of Script----------------

17:21:24 INFO  : Launching XSDB server: xsdb.bat C:/Xilinx/SDK/2015.4/scripts/xsdb/xsdb/xsdb-server.tcl
17:57:04 INFO  : Launching XSDB server: xsdb.bat C:/Xilinx/SDK/2015.4/scripts/xsdb/xsdb/xsdb-server.tcl
17:57:08 INFO  : XSDB server has started successfully.
17:57:09 INFO  : Processing command line option -hwspec C:/Users/engrm_000/OneDrive/Vivado_Design_Suite/adder_intergrater/adder_intergrater.sdk/design_1_wrapper.hdf.
17:57:09 INFO  : Checking for hwspec changes in the project design_1_wrapper_hw_platform_0.
17:57:17 INFO  : SDK has detected change in the last modified timestamps for source hardware specification file Source:1453307190470,  Project:1453304908414
17:57:17 INFO  : The hardware specification for project 'design_1_wrapper_hw_platform_0' is different from C:/Users/engrm_000/OneDrive/Vivado_Design_Suite/adder_intergrater/adder_intergrater.sdk/design_1_wrapper.hdf.
17:57:41 INFO  : Copied contents of C:/Users/engrm_000/OneDrive/Vivado_Design_Suite/adder_intergrater/adder_intergrater.sdk/design_1_wrapper.hdf into \design_1_wrapper_hw_platform_0\system.hdf.
17:57:50 INFO  : Synchronizing projects in the workspace with the hardware platform specification changes.
17:57:59 INFO  : 
17:58:00 INFO  : Updating hardware inferred compiler options for adder_test.
17:58:00 INFO  : Clearing existing target manager status.
18:00:35 ERROR : Unexpected error while parsing XMD response ?: com.google.gson.JsonSyntaxException: com.google.gson.stream.MalformedJsonException: invalid number or unquoted string near 
18:01:06 INFO  : Launching XSDB server: xsdb.bat C:/Xilinx/SDK/2015.4/scripts/xsdb/xsdb/xsdb-server.tcl
18:01:09 INFO  : XSDB server has started successfully.
18:01:10 INFO  : Processing command line option -hwspec C:/Users/engrm_000/OneDrive/Vivado_Design_Suite/adder_intergrater/adder_intergrater.sdk/design_1_wrapper.hdf.
18:17:23 INFO  : Connected to target on host '127.0.0.1' and port '3121'.
18:18:00 INFO  : Connected to target on host '127.0.0.1' and port '3121'.
18:18:50 INFO  : Connected to target on host '127.0.0.1' and port '3121'.
18:18:51 INFO  : 'targets -set -filter {jtag_cable_name =~ "Digilent Zed 210248447539" && level==0} -index 1' command is executed.
18:18:53 INFO  : FPGA configured successfully with bitstream "C:/Users/engrm_000/OneDrive/Vivado_Design_Suite/adder_intergrater/adder_intergrater.sdk/design_1_wrapper_hw_platform_0/design_1_wrapper.bit"
18:19:32 INFO  : 'targets -set -filter {jtag_cable_name =~ "Digilent Zed 210248447539" && level==0} -index 1' command is executed.
18:19:32 INFO  : 'fpga -state' command is executed.
18:19:33 INFO  : Connected to target on host '127.0.0.1' and port '3121'.
18:19:33 INFO  : Sourcing of 'C:/Users/engrm_000/OneDrive/Vivado_Design_Suite/adder_intergrater/adder_intergrater.sdk/design_1_wrapper_hw_platform_0/ps7_init.tcl' is done.
18:19:33 INFO  : 'targets -set -filter {name =~"APU" && jtag_cable_name =~ "Digilent Zed 210248447539"} -index 0' command is executed.
18:19:33 INFO  : Hardware design information is loaded from 'C:/Users/engrm_000/OneDrive/Vivado_Design_Suite/adder_intergrater/adder_intergrater.sdk/design_1_wrapper_hw_platform_0/system.hdf'.
18:19:33 INFO  : 'targets -set -filter {name =~"APU" && jtag_cable_name =~ "Digilent Zed 210248447539"} -index 0' command is executed.
18:19:34 INFO  : 'stop' command is executed.
18:19:34 INFO  : 'ps7_init' command is executed.
18:19:35 INFO  : 'ps7_post_config' command is executed.
18:19:35 INFO  : 'con' command is executed.
18:19:35 INFO  : Context for processor 'ps7_cortexa9_0' is selected.
18:19:35 INFO  : Processor reset is completed for 'ps7_cortexa9_0'.
18:19:35 INFO  : Context for processor 'ps7_cortexa9_0' is selected.
18:19:36 INFO  : The application 'C:/Users/engrm_000/OneDrive/Vivado_Design_Suite/adder_intergrater/adder_intergrater.sdk/myadder/Debug/myadder.elf' is downloaded to processor 'ps7_cortexa9_0'.
18:19:36 INFO  : ----------------XSDB Script----------------
connect -url tcp:127.0.0.1:3121
source C:/Users/engrm_000/OneDrive/Vivado_Design_Suite/adder_intergrater/adder_intergrater.sdk/design_1_wrapper_hw_platform_0/ps7_init.tcl
targets -set -filter {name =~"APU" && jtag_cable_name =~ "Digilent Zed 210248447539"} -index 0
loadhw C:/Users/engrm_000/OneDrive/Vivado_Design_Suite/adder_intergrater/adder_intergrater.sdk/design_1_wrapper_hw_platform_0/system.hdf
targets -set -filter {name =~"APU" && jtag_cable_name =~ "Digilent Zed 210248447539"} -index 0
stop
ps7_init
ps7_post_config
con
targets -set -nocase -filter {name =~ "ARM*#0" && jtag_cable_name =~ "Digilent Zed 210248447539"} -index 0
rst -processor
targets -set -nocase -filter {name =~ "ARM*#0" && jtag_cable_name =~ "Digilent Zed 210248447539"} -index 0
dow C:/Users/engrm_000/OneDrive/Vivado_Design_Suite/adder_intergrater/adder_intergrater.sdk/myadder/Debug/myadder.elf
----------------End of Script----------------

18:19:36 INFO  : Memory regions updated for context APU
18:19:36 INFO  : Context for processor 'ps7_cortexa9_0' is selected.
18:19:36 INFO  : 'con' command is executed.
18:19:36 INFO  : ----------------XSDB Script (After Launch)----------------
targets -set -nocase -filter {name =~ "ARM*#0" && jtag_cable_name =~ "Digilent Zed 210248447539"} -index 0
con
----------------End of Script----------------

18:42:23 WARN  : channel "tcfchan#1" closed
18:42:23 INFO  : 'targets -set -filter {jtag_cable_name =~ "Digilent Zed 210248447539" && level==0} -index 1' command is executed.
18:42:23 INFO  : 'fpga -state' command is executed.
18:42:24 INFO  : Connected to target on host '127.0.0.1' and port '3121'.
18:42:24 INFO  : Sourcing of 'C:/Users/engrm_000/OneDrive/Vivado_Design_Suite/adder_intergrater/adder_intergrater.sdk/design_1_wrapper_hw_platform_0/ps7_init.tcl' is done.
18:42:24 INFO  : 'targets -set -filter {name =~"APU" && jtag_cable_name =~ "Digilent Zed 210248447539"} -index 0' command is executed.
18:42:24 INFO  : Hardware design information is loaded from 'C:/Users/engrm_000/OneDrive/Vivado_Design_Suite/adder_intergrater/adder_intergrater.sdk/design_1_wrapper_hw_platform_0/system.hdf'.
18:42:24 INFO  : 'targets -set -filter {name =~"APU" && jtag_cable_name =~ "Digilent Zed 210248447539"} -index 0' command is executed.
18:42:25 INFO  : 'stop' command is executed.
18:42:25 INFO  : 'ps7_init' command is executed.
18:42:25 INFO  : 'ps7_post_config' command is executed.
18:42:25 INFO  : 'con' command is executed.
18:42:26 INFO  : Context for processor 'ps7_cortexa9_0' is selected.
18:42:26 INFO  : Processor reset is completed for 'ps7_cortexa9_0'.
18:42:26 INFO  : Context for processor 'ps7_cortexa9_0' is selected.
18:42:26 INFO  : The application 'C:/Users/engrm_000/OneDrive/Vivado_Design_Suite/adder_intergrater/adder_intergrater.sdk/myadder/Debug/myadder.elf' is downloaded to processor 'ps7_cortexa9_0'.
18:42:26 INFO  : ----------------XSDB Script----------------
connect -url tcp:127.0.0.1:3121
source C:/Users/engrm_000/OneDrive/Vivado_Design_Suite/adder_intergrater/adder_intergrater.sdk/design_1_wrapper_hw_platform_0/ps7_init.tcl
targets -set -filter {name =~"APU" && jtag_cable_name =~ "Digilent Zed 210248447539"} -index 0
loadhw C:/Users/engrm_000/OneDrive/Vivado_Design_Suite/adder_intergrater/adder_intergrater.sdk/design_1_wrapper_hw_platform_0/system.hdf
targets -set -filter {name =~"APU" && jtag_cable_name =~ "Digilent Zed 210248447539"} -index 0
stop
ps7_init
ps7_post_config
con
targets -set -nocase -filter {name =~ "ARM*#0" && jtag_cable_name =~ "Digilent Zed 210248447539"} -index 0
rst -processor
targets -set -nocase -filter {name =~ "ARM*#0" && jtag_cable_name =~ "Digilent Zed 210248447539"} -index 0
dow C:/Users/engrm_000/OneDrive/Vivado_Design_Suite/adder_intergrater/adder_intergrater.sdk/myadder/Debug/myadder.elf
----------------End of Script----------------

18:42:26 INFO  : Memory regions updated for context APU
18:42:26 INFO  : Context for processor 'ps7_cortexa9_0' is selected.
18:42:26 INFO  : 'con' command is executed.
18:42:26 INFO  : ----------------XSDB Script (After Launch)----------------
targets -set -nocase -filter {name =~ "ARM*#0" && jtag_cable_name =~ "Digilent Zed 210248447539"} -index 0
con
----------------End of Script----------------

18:43:34 INFO  : Disconnected from the channel tcfchan#2.
18:43:35 INFO  : 'targets -set -filter {jtag_cable_name =~ "Digilent Zed 210248447539" && level==0} -index 1' command is executed.
18:43:35 INFO  : 'fpga -state' command is executed.
18:43:35 INFO  : Connected to target on host '127.0.0.1' and port '3121'.
18:43:35 INFO  : Sourcing of 'C:/Users/engrm_000/OneDrive/Vivado_Design_Suite/adder_intergrater/adder_intergrater.sdk/design_1_wrapper_hw_platform_0/ps7_init.tcl' is done.
18:43:35 INFO  : 'targets -set -filter {name =~"APU" && jtag_cable_name =~ "Digilent Zed 210248447539"} -index 0' command is executed.
18:43:40 INFO  : Hardware design information is loaded from 'C:/Users/engrm_000/OneDrive/Vivado_Design_Suite/adder_intergrater/adder_intergrater.sdk/design_1_wrapper_hw_platform_0/system.hdf'.
18:43:40 INFO  : 'targets -set -filter {name =~"APU" && jtag_cable_name =~ "Digilent Zed 210248447539"} -index 0' command is executed.
18:43:40 INFO  : 'stop' command is executed.
18:43:41 INFO  : 'ps7_init' command is executed.
18:43:41 INFO  : 'ps7_post_config' command is executed.
18:43:41 INFO  : 'con' command is executed.
18:43:41 INFO  : Context for processor 'ps7_cortexa9_0' is selected.
18:43:42 INFO  : Processor reset is completed for 'ps7_cortexa9_0'.
18:43:42 INFO  : Context for processor 'ps7_cortexa9_0' is selected.
18:43:42 INFO  : The application 'C:/Users/engrm_000/OneDrive/Vivado_Design_Suite/adder_intergrater/adder_intergrater.sdk/myadder/Debug/myadder.elf' is downloaded to processor 'ps7_cortexa9_0'.
18:43:42 INFO  : ----------------XSDB Script----------------
connect -url tcp:127.0.0.1:3121
source C:/Users/engrm_000/OneDrive/Vivado_Design_Suite/adder_intergrater/adder_intergrater.sdk/design_1_wrapper_hw_platform_0/ps7_init.tcl
targets -set -filter {name =~"APU" && jtag_cable_name =~ "Digilent Zed 210248447539"} -index 0
loadhw C:/Users/engrm_000/OneDrive/Vivado_Design_Suite/adder_intergrater/adder_intergrater.sdk/design_1_wrapper_hw_platform_0/system.hdf
targets -set -filter {name =~"APU" && jtag_cable_name =~ "Digilent Zed 210248447539"} -index 0
stop
ps7_init
ps7_post_config
con
targets -set -nocase -filter {name =~ "ARM*#0" && jtag_cable_name =~ "Digilent Zed 210248447539"} -index 0
rst -processor
targets -set -nocase -filter {name =~ "ARM*#0" && jtag_cable_name =~ "Digilent Zed 210248447539"} -index 0
dow C:/Users/engrm_000/OneDrive/Vivado_Design_Suite/adder_intergrater/adder_intergrater.sdk/myadder/Debug/myadder.elf
----------------End of Script----------------

18:43:42 INFO  : Memory regions updated for context APU
18:43:42 INFO  : Context for processor 'ps7_cortexa9_0' is selected.
18:43:42 INFO  : 'con' command is executed.
18:43:42 INFO  : ----------------XSDB Script (After Launch)----------------
targets -set -nocase -filter {name =~ "ARM*#0" && jtag_cable_name =~ "Digilent Zed 210248447539"} -index 0
con
----------------End of Script----------------

18:44:34 INFO  : Disconnected from the channel tcfchan#3.
18:44:34 INFO  : 'targets -set -filter {jtag_cable_name =~ "Digilent Zed 210248447539" && level==0} -index 1' command is executed.
18:44:34 INFO  : 'fpga -state' command is executed.
18:44:34 INFO  : Connected to target on host '127.0.0.1' and port '3121'.
18:44:34 INFO  : Sourcing of 'C:/Users/engrm_000/OneDrive/Vivado_Design_Suite/adder_intergrater/adder_intergrater.sdk/design_1_wrapper_hw_platform_0/ps7_init.tcl' is done.
18:44:35 INFO  : 'targets -set -filter {name =~"APU" && jtag_cable_name =~ "Digilent Zed 210248447539"} -index 0' command is executed.
18:44:39 INFO  : Hardware design information is loaded from 'C:/Users/engrm_000/OneDrive/Vivado_Design_Suite/adder_intergrater/adder_intergrater.sdk/design_1_wrapper_hw_platform_0/system.hdf'.
18:44:39 INFO  : 'targets -set -filter {name =~"APU" && jtag_cable_name =~ "Digilent Zed 210248447539"} -index 0' command is executed.
18:44:39 INFO  : 'stop' command is executed.
18:44:40 INFO  : 'ps7_init' command is executed.
18:44:40 INFO  : 'ps7_post_config' command is executed.
18:44:40 INFO  : 'con' command is executed.
18:44:40 INFO  : Context for processor 'ps7_cortexa9_0' is selected.
18:44:41 INFO  : Processor reset is completed for 'ps7_cortexa9_0'.
18:44:41 INFO  : Context for processor 'ps7_cortexa9_0' is selected.
18:44:41 INFO  : The application 'C:/Users/engrm_000/OneDrive/Vivado_Design_Suite/adder_intergrater/adder_intergrater.sdk/myadder/Debug/myadder.elf' is downloaded to processor 'ps7_cortexa9_0'.
18:44:41 INFO  : ----------------XSDB Script----------------
connect -url tcp:127.0.0.1:3121
source C:/Users/engrm_000/OneDrive/Vivado_Design_Suite/adder_intergrater/adder_intergrater.sdk/design_1_wrapper_hw_platform_0/ps7_init.tcl
targets -set -filter {name =~"APU" && jtag_cable_name =~ "Digilent Zed 210248447539"} -index 0
loadhw C:/Users/engrm_000/OneDrive/Vivado_Design_Suite/adder_intergrater/adder_intergrater.sdk/design_1_wrapper_hw_platform_0/system.hdf
targets -set -filter {name =~"APU" && jtag_cable_name =~ "Digilent Zed 210248447539"} -index 0
stop
ps7_init
ps7_post_config
con
targets -set -nocase -filter {name =~ "ARM*#0" && jtag_cable_name =~ "Digilent Zed 210248447539"} -index 0
rst -processor
targets -set -nocase -filter {name =~ "ARM*#0" && jtag_cable_name =~ "Digilent Zed 210248447539"} -index 0
dow C:/Users/engrm_000/OneDrive/Vivado_Design_Suite/adder_intergrater/adder_intergrater.sdk/myadder/Debug/myadder.elf
----------------End of Script----------------

18:44:41 INFO  : Memory regions updated for context APU
18:44:41 INFO  : Context for processor 'ps7_cortexa9_0' is selected.
18:44:41 INFO  : 'con' command is executed.
18:44:41 INFO  : ----------------XSDB Script (After Launch)----------------
targets -set -nocase -filter {name =~ "ARM*#0" && jtag_cable_name =~ "Digilent Zed 210248447539"} -index 0
con
----------------End of Script----------------

18:45:59 INFO  : Disconnected from the channel tcfchan#4.
18:45:59 INFO  : 'targets -set -filter {jtag_cable_name =~ "Digilent Zed 210248447539" && level==0} -index 1' command is executed.
18:46:00 INFO  : 'fpga -state' command is executed.
18:46:00 INFO  : Connected to target on host '127.0.0.1' and port '3121'.
18:46:00 INFO  : Sourcing of 'C:/Users/engrm_000/OneDrive/Vivado_Design_Suite/adder_intergrater/adder_intergrater.sdk/design_1_wrapper_hw_platform_0/ps7_init.tcl' is done.
18:46:00 INFO  : 'targets -set -filter {name =~"APU" && jtag_cable_name =~ "Digilent Zed 210248447539"} -index 0' command is executed.
18:46:04 INFO  : Hardware design information is loaded from 'C:/Users/engrm_000/OneDrive/Vivado_Design_Suite/adder_intergrater/adder_intergrater.sdk/design_1_wrapper_hw_platform_0/system.hdf'.
18:46:04 INFO  : 'targets -set -filter {name =~"APU" && jtag_cable_name =~ "Digilent Zed 210248447539"} -index 0' command is executed.
18:46:04 INFO  : 'stop' command is executed.
18:46:05 INFO  : 'ps7_init' command is executed.
18:46:05 INFO  : 'ps7_post_config' command is executed.
18:46:05 INFO  : 'con' command is executed.
18:46:06 INFO  : Context for processor 'ps7_cortexa9_0' is selected.
18:46:06 INFO  : Processor reset is completed for 'ps7_cortexa9_0'.
18:46:06 INFO  : Context for processor 'ps7_cortexa9_0' is selected.
18:46:06 INFO  : The application 'C:/Users/engrm_000/OneDrive/Vivado_Design_Suite/adder_intergrater/adder_intergrater.sdk/myadder/Debug/myadder.elf' is downloaded to processor 'ps7_cortexa9_0'.
18:46:06 INFO  : ----------------XSDB Script----------------
connect -url tcp:127.0.0.1:3121
source C:/Users/engrm_000/OneDrive/Vivado_Design_Suite/adder_intergrater/adder_intergrater.sdk/design_1_wrapper_hw_platform_0/ps7_init.tcl
targets -set -filter {name =~"APU" && jtag_cable_name =~ "Digilent Zed 210248447539"} -index 0
loadhw C:/Users/engrm_000/OneDrive/Vivado_Design_Suite/adder_intergrater/adder_intergrater.sdk/design_1_wrapper_hw_platform_0/system.hdf
targets -set -filter {name =~"APU" && jtag_cable_name =~ "Digilent Zed 210248447539"} -index 0
stop
ps7_init
ps7_post_config
con
targets -set -nocase -filter {name =~ "ARM*#0" && jtag_cable_name =~ "Digilent Zed 210248447539"} -index 0
rst -processor
targets -set -nocase -filter {name =~ "ARM*#0" && jtag_cable_name =~ "Digilent Zed 210248447539"} -index 0
dow C:/Users/engrm_000/OneDrive/Vivado_Design_Suite/adder_intergrater/adder_intergrater.sdk/myadder/Debug/myadder.elf
----------------End of Script----------------

18:46:06 INFO  : Memory regions updated for context APU
18:46:06 INFO  : Context for processor 'ps7_cortexa9_0' is selected.
18:46:06 INFO  : 'con' command is executed.
18:46:06 INFO  : ----------------XSDB Script (After Launch)----------------
targets -set -nocase -filter {name =~ "ARM*#0" && jtag_cable_name =~ "Digilent Zed 210248447539"} -index 0
con
----------------End of Script----------------

18:55:46 INFO  : Disconnected from the channel tcfchan#5.
18:55:46 INFO  : 'targets -set -filter {jtag_cable_name =~ "Digilent Zed 210248447539" && level==0} -index 1' command is executed.
18:55:46 INFO  : 'fpga -state' command is executed.
18:55:46 INFO  : Connected to target on host '127.0.0.1' and port '3121'.
18:55:47 INFO  : Sourcing of 'C:/Users/engrm_000/OneDrive/Vivado_Design_Suite/adder_intergrater/adder_intergrater.sdk/design_1_wrapper_hw_platform_0/ps7_init.tcl' is done.
18:55:47 INFO  : 'targets -set -filter {name =~"APU" && jtag_cable_name =~ "Digilent Zed 210248447539"} -index 0' command is executed.
18:55:51 INFO  : Hardware design information is loaded from 'C:/Users/engrm_000/OneDrive/Vivado_Design_Suite/adder_intergrater/adder_intergrater.sdk/design_1_wrapper_hw_platform_0/system.hdf'.
18:55:51 INFO  : 'targets -set -filter {name =~"APU" && jtag_cable_name =~ "Digilent Zed 210248447539"} -index 0' command is executed.
18:55:51 INFO  : 'stop' command is executed.
18:55:52 INFO  : 'ps7_init' command is executed.
18:55:52 INFO  : 'ps7_post_config' command is executed.
18:55:52 INFO  : 'con' command is executed.
18:55:53 INFO  : Context for processor 'ps7_cortexa9_0' is selected.
18:55:53 INFO  : Processor reset is completed for 'ps7_cortexa9_0'.
18:55:53 INFO  : Context for processor 'ps7_cortexa9_0' is selected.
18:55:53 INFO  : The application 'C:/Users/engrm_000/OneDrive/Vivado_Design_Suite/adder_intergrater/adder_intergrater.sdk/myadder/Debug/myadder.elf' is downloaded to processor 'ps7_cortexa9_0'.
18:55:53 INFO  : ----------------XSDB Script----------------
connect -url tcp:127.0.0.1:3121
source C:/Users/engrm_000/OneDrive/Vivado_Design_Suite/adder_intergrater/adder_intergrater.sdk/design_1_wrapper_hw_platform_0/ps7_init.tcl
targets -set -filter {name =~"APU" && jtag_cable_name =~ "Digilent Zed 210248447539"} -index 0
loadhw C:/Users/engrm_000/OneDrive/Vivado_Design_Suite/adder_intergrater/adder_intergrater.sdk/design_1_wrapper_hw_platform_0/system.hdf
targets -set -filter {name =~"APU" && jtag_cable_name =~ "Digilent Zed 210248447539"} -index 0
stop
ps7_init
ps7_post_config
con
targets -set -nocase -filter {name =~ "ARM*#0" && jtag_cable_name =~ "Digilent Zed 210248447539"} -index 0
rst -processor
targets -set -nocase -filter {name =~ "ARM*#0" && jtag_cable_name =~ "Digilent Zed 210248447539"} -index 0
dow C:/Users/engrm_000/OneDrive/Vivado_Design_Suite/adder_intergrater/adder_intergrater.sdk/myadder/Debug/myadder.elf
----------------End of Script----------------

18:55:53 INFO  : Memory regions updated for context APU
18:55:53 INFO  : Context for processor 'ps7_cortexa9_0' is selected.
18:55:53 INFO  : 'con' command is executed.
18:55:53 INFO  : ----------------XSDB Script (After Launch)----------------
targets -set -nocase -filter {name =~ "ARM*#0" && jtag_cable_name =~ "Digilent Zed 210248447539"} -index 0
con
----------------End of Script----------------

18:57:38 WARN  : Unexpected exception occurred.
java.io.IOException: Command [C 424 xsdb eval "disconnect tcfchan#6"] aborted
	at org.eclipse.tcf.core.AbstractChannel$9.run(AbstractChannel.java:753)
	at org.eclipse.tcf.EventQueue.run(EventQueue.java:95)
	at java.lang.Thread.run(Thread.java:745)
Caused by: java.net.SocketException: Connection reset
	at java.net.SocketInputStream.read(SocketInputStream.java:209)
	at java.net.SocketInputStream.read(SocketInputStream.java:141)
	at java.io.BufferedInputStream.read1(BufferedInputStream.java:284)
	at java.io.BufferedInputStream.read(BufferedInputStream.java:345)
	at java.io.FilterInputStream.read(FilterInputStream.java:107)
	at org.eclipse.tcf.core.ChannelTCP.get(ChannelTCP.java:162)
	at org.eclipse.tcf.core.StreamChannel.read(StreamChannel.java:84)
	at org.eclipse.tcf.core.AbstractChannel$1.run(AbstractChannel.java:254)
18:57:42 ERROR : Unexpected error while parsing XMD response ?: com.google.gson.JsonSyntaxException: com.google.gson.stream.MalformedJsonException: invalid number or unquoted string near 
16:27:34 INFO  : Launching XSDB server: xsdb.bat C:/Xilinx/SDK/2015.4/scripts/xsdb/xsdb/xsdb-server.tcl
16:27:40 INFO  : XSDB server has started successfully.
16:27:40 INFO  : Processing command line option -hwspec C:/Users/engrm_000/OneDrive/Vivado_Design_Suite/adder_intergrater/adder_intergrater.sdk/design_1_wrapper.hdf.
16:27:40 INFO  : Checking for hwspec changes in the project design_1_wrapper_hw_platform_0.
16:27:44 INFO  : SDK has detected change in the last modified timestamps for source hardware specification file Source:1453389873134,  Project:1453307190470
16:27:44 INFO  : The hardware specification for project 'design_1_wrapper_hw_platform_0' is different from C:/Users/engrm_000/OneDrive/Vivado_Design_Suite/adder_intergrater/adder_intergrater.sdk/design_1_wrapper.hdf.
16:27:44 INFO  : Copied contents of C:/Users/engrm_000/OneDrive/Vivado_Design_Suite/adder_intergrater/adder_intergrater.sdk/design_1_wrapper.hdf into \design_1_wrapper_hw_platform_0\system.hdf.
16:28:27 INFO  : Synchronizing projects in the workspace with the hardware platform specification changes.
16:28:48 INFO  : 
16:28:49 INFO  : Updating hardware inferred compiler options for myadder.
16:28:49 INFO  : Clearing existing target manager status.
16:29:43 ERROR : Unexpected error while parsing XMD response ?: com.google.gson.JsonSyntaxException: com.google.gson.stream.MalformedJsonException: invalid number or unquoted string near 
16:30:07 INFO  : Launching XSDB server: xsdb.bat C:/Xilinx/SDK/2015.4/scripts/xsdb/xsdb/xsdb-server.tcl
16:30:09 INFO  : XSDB server has started successfully.
16:30:09 INFO  : Processing command line option -hwspec C:/Users/engrm_000/OneDrive/Vivado_Design_Suite/adder_intergrater/adder_intergrater.sdk/design_1_wrapper.hdf.
16:40:03 INFO  : Connected to target on host '127.0.0.1' and port '3121'.
16:40:04 INFO  : 'targets -set -filter {jtag_cable_name =~ "Digilent Zed 210248447539" && level==0} -index 1' command is executed.
16:40:07 INFO  : FPGA configured successfully with bitstream "C:/Users/engrm_000/OneDrive/Vivado_Design_Suite/adder_intergrater/adder_intergrater.sdk/design_1_wrapper_hw_platform_0/design_1_wrapper.bit"
16:41:59 INFO  : 'targets -set -filter {jtag_cable_name =~ "Digilent Zed 210248447539" && level==0} -index 1' command is executed.
16:41:59 INFO  : 'fpga -state' command is executed.
16:42:00 INFO  : Connected to target on host '127.0.0.1' and port '3121'.
16:42:00 INFO  : Sourcing of 'C:/Users/engrm_000/OneDrive/Vivado_Design_Suite/adder_intergrater/adder_intergrater.sdk/design_1_wrapper_hw_platform_0/ps7_init.tcl' is done.
16:42:00 INFO  : 'targets -set -filter {name =~"APU" && jtag_cable_name =~ "Digilent Zed 210248447539"} -index 0' command is executed.
16:42:00 INFO  : Hardware design information is loaded from 'C:/Users/engrm_000/OneDrive/Vivado_Design_Suite/adder_intergrater/adder_intergrater.sdk/design_1_wrapper_hw_platform_0/system.hdf'.
16:42:00 INFO  : 'targets -set -filter {name =~"APU" && jtag_cable_name =~ "Digilent Zed 210248447539"} -index 0' command is executed.
16:42:01 INFO  : 'stop' command is executed.
16:42:01 INFO  : 'ps7_init' command is executed.
16:42:01 INFO  : 'ps7_post_config' command is executed.
16:42:02 INFO  : 'con' command is executed.
16:42:02 INFO  : Context for processor 'ps7_cortexa9_0' is selected.
16:42:02 INFO  : Processor reset is completed for 'ps7_cortexa9_0'.
16:42:02 INFO  : Context for processor 'ps7_cortexa9_0' is selected.
16:42:02 INFO  : The application 'C:/Users/engrm_000/OneDrive/Vivado_Design_Suite/adder_intergrater/adder_intergrater.sdk/test_adder/Debug/test_adder.elf' is downloaded to processor 'ps7_cortexa9_0'.
16:42:02 INFO  : ----------------XSDB Script----------------
connect -url tcp:127.0.0.1:3121
source C:/Users/engrm_000/OneDrive/Vivado_Design_Suite/adder_intergrater/adder_intergrater.sdk/design_1_wrapper_hw_platform_0/ps7_init.tcl
targets -set -filter {name =~"APU" && jtag_cable_name =~ "Digilent Zed 210248447539"} -index 0
loadhw C:/Users/engrm_000/OneDrive/Vivado_Design_Suite/adder_intergrater/adder_intergrater.sdk/design_1_wrapper_hw_platform_0/system.hdf
targets -set -filter {name =~"APU" && jtag_cable_name =~ "Digilent Zed 210248447539"} -index 0
stop
ps7_init
ps7_post_config
con
targets -set -nocase -filter {name =~ "ARM*#0" && jtag_cable_name =~ "Digilent Zed 210248447539"} -index 0
rst -processor
targets -set -nocase -filter {name =~ "ARM*#0" && jtag_cable_name =~ "Digilent Zed 210248447539"} -index 0
dow C:/Users/engrm_000/OneDrive/Vivado_Design_Suite/adder_intergrater/adder_intergrater.sdk/test_adder/Debug/test_adder.elf
----------------End of Script----------------

16:42:02 INFO  : Memory regions updated for context APU
16:42:03 INFO  : Context for processor 'ps7_cortexa9_0' is selected.
16:42:03 INFO  : 'con' command is executed.
16:42:03 INFO  : ----------------XSDB Script (After Launch)----------------
targets -set -nocase -filter {name =~ "ARM*#0" && jtag_cable_name =~ "Digilent Zed 210248447539"} -index 0
con
----------------End of Script----------------

16:43:12 INFO  : Disconnected from the channel tcfchan#1.
16:43:12 INFO  : 'targets -set -filter {jtag_cable_name =~ "Digilent Zed 210248447539" && level==0} -index 1' command is executed.
16:43:12 INFO  : 'fpga -state' command is executed.
16:43:12 INFO  : Connected to target on host '127.0.0.1' and port '3121'.
16:43:12 INFO  : Sourcing of 'C:/Users/engrm_000/OneDrive/Vivado_Design_Suite/adder_intergrater/adder_intergrater.sdk/design_1_wrapper_hw_platform_0/ps7_init.tcl' is done.
16:43:13 INFO  : 'targets -set -filter {name =~"APU" && jtag_cable_name =~ "Digilent Zed 210248447539"} -index 0' command is executed.
16:43:16 INFO  : Hardware design information is loaded from 'C:/Users/engrm_000/OneDrive/Vivado_Design_Suite/adder_intergrater/adder_intergrater.sdk/design_1_wrapper_hw_platform_0/system.hdf'.
16:43:17 INFO  : 'targets -set -filter {name =~"APU" && jtag_cable_name =~ "Digilent Zed 210248447539"} -index 0' command is executed.
16:43:17 INFO  : 'stop' command is executed.
16:43:17 INFO  : 'ps7_init' command is executed.
16:43:17 INFO  : 'ps7_post_config' command is executed.
16:43:17 INFO  : 'con' command is executed.
16:43:18 INFO  : Context for processor 'ps7_cortexa9_0' is selected.
16:43:18 INFO  : Processor reset is completed for 'ps7_cortexa9_0'.
16:43:18 INFO  : Context for processor 'ps7_cortexa9_0' is selected.
16:43:18 INFO  : The application 'C:/Users/engrm_000/OneDrive/Vivado_Design_Suite/adder_intergrater/adder_intergrater.sdk/test_adder/Debug/test_adder.elf' is downloaded to processor 'ps7_cortexa9_0'.
16:43:18 INFO  : ----------------XSDB Script----------------
connect -url tcp:127.0.0.1:3121
source C:/Users/engrm_000/OneDrive/Vivado_Design_Suite/adder_intergrater/adder_intergrater.sdk/design_1_wrapper_hw_platform_0/ps7_init.tcl
targets -set -filter {name =~"APU" && jtag_cable_name =~ "Digilent Zed 210248447539"} -index 0
loadhw C:/Users/engrm_000/OneDrive/Vivado_Design_Suite/adder_intergrater/adder_intergrater.sdk/design_1_wrapper_hw_platform_0/system.hdf
targets -set -filter {name =~"APU" && jtag_cable_name =~ "Digilent Zed 210248447539"} -index 0
stop
ps7_init
ps7_post_config
con
targets -set -nocase -filter {name =~ "ARM*#0" && jtag_cable_name =~ "Digilent Zed 210248447539"} -index 0
rst -processor
targets -set -nocase -filter {name =~ "ARM*#0" && jtag_cable_name =~ "Digilent Zed 210248447539"} -index 0
dow C:/Users/engrm_000/OneDrive/Vivado_Design_Suite/adder_intergrater/adder_intergrater.sdk/test_adder/Debug/test_adder.elf
----------------End of Script----------------

16:43:18 INFO  : Memory regions updated for context APU
16:43:18 INFO  : Context for processor 'ps7_cortexa9_0' is selected.
16:43:19 INFO  : 'con' command is executed.
16:43:19 INFO  : ----------------XSDB Script (After Launch)----------------
targets -set -nocase -filter {name =~ "ARM*#0" && jtag_cable_name =~ "Digilent Zed 210248447539"} -index 0
con
----------------End of Script----------------

17:00:49 INFO  : Disconnected from the channel tcfchan#2.
17:00:49 INFO  : 'targets -set -filter {jtag_cable_name =~ "Digilent Zed 210248447539" && level==0} -index 1' command is executed.
17:00:49 INFO  : 'fpga -state' command is executed.
17:00:50 INFO  : Connected to target on host '127.0.0.1' and port '3121'.
17:00:50 INFO  : Sourcing of 'C:/Users/engrm_000/OneDrive/Vivado_Design_Suite/adder_intergrater/adder_intergrater.sdk/design_1_wrapper_hw_platform_0/ps7_init.tcl' is done.
17:00:50 ERROR : no targets found with "name =~"APU" && jtag_cable_name =~ "Digilent Zed 210248447539"". available targets:
  1  APU (JTAG port open error. AP transaction error, DAP status f0000021)
     2  ARM Cortex-A9 MPCore #0 (DEVICEEN is '0')
     3  ARM Cortex-A9 MPCore #1 (DEVICEEN is '0')
  4* xc7z020
17:00:50 INFO  : ----------------XSDB Script----------------
connect -url tcp:127.0.0.1:3121
source C:/Users/engrm_000/OneDrive/Vivado_Design_Suite/adder_intergrater/adder_intergrater.sdk/design_1_wrapper_hw_platform_0/ps7_init.tcl
targets -set -filter {name =~"APU" && jtag_cable_name =~ "Digilent Zed 210248447539"} -index 0
----------------End of Script----------------

17:03:21 INFO  : 'targets -set -filter {jtag_cable_name =~ "Digilent Zed 210248447539" && level==0} -index 1' command is executed.
17:03:21 INFO  : 'fpga -state' command is executed.
17:03:21 INFO  : Connected to target on host '127.0.0.1' and port '3121'.
17:03:22 INFO  : Sourcing of 'C:/Users/engrm_000/OneDrive/Vivado_Design_Suite/adder_intergrater/adder_intergrater.sdk/design_1_wrapper_hw_platform_0/ps7_init.tcl' is done.
17:03:22 ERROR : no targets found with "name =~"APU" && jtag_cable_name =~ "Digilent Zed 210248447539"". available targets:
  1  APU (JTAG port open error. AP transaction error, DAP status f0000021)
     2  ARM Cortex-A9 MPCore #0 (DEVICEEN is '0')
     3  ARM Cortex-A9 MPCore #1 (DEVICEEN is '0')
  4* xc7z020
17:03:22 INFO  : ----------------XSDB Script----------------
connect -url tcp:127.0.0.1:3121
source C:/Users/engrm_000/OneDrive/Vivado_Design_Suite/adder_intergrater/adder_intergrater.sdk/design_1_wrapper_hw_platform_0/ps7_init.tcl
targets -set -filter {name =~"APU" && jtag_cable_name =~ "Digilent Zed 210248447539"} -index 0
----------------End of Script----------------

17:25:42 ERROR : Unexpected error while parsing XMD response ?: com.google.gson.JsonSyntaxException: com.google.gson.stream.MalformedJsonException: invalid number or unquoted string near 
17:38:44 INFO  : Launching XSDB server: xsdb.bat C:/Xilinx/SDK/2015.4/scripts/xsdb/xsdb/xsdb-server.tcl
17:38:49 INFO  : XSDB server has started successfully.
17:38:51 INFO  : Processing command line option -hwspec C:/Users/engrm_000/OneDrive/Vivado_Design_Suite/adder_intergrater/adder_intergrater.sdk/design_1_wrapper.hdf.
17:56:16 INFO  : Launching XSDB server: xsdb.bat C:/Xilinx/SDK/2015.4/scripts/xsdb/xsdb/xsdb-server.tcl
17:56:18 INFO  : XSDB server has started successfully.
17:56:20 INFO  : Processing command line option -hwspec C:/Users/engrm_000/OneDrive/Vivado_Design_Suite/adder_intergrater/adder_intergrater.sdk/design_1_wrapper.hdf.
18:28:50 INFO  : Connected to target on host '127.0.0.1' and port '3121'.
18:28:51 INFO  : 'targets -set -filter {jtag_cable_name =~ "Digilent Zed 210248447539" && level==0} -index 1' command is executed.
18:28:54 INFO  : FPGA configured successfully with bitstream "C:/Users/engrm_000/OneDrive/Vivado_Design_Suite/adder_intergrater/adder_intergrater.sdk/design_1_wrapper_hw_platform_0/design_1_wrapper.bit"
18:29:39 INFO  : 'targets -set -filter {jtag_cable_name =~ "Digilent Zed 210248447539" && level==0} -index 1' command is executed.
18:29:39 INFO  : 'fpga -state' command is executed.
18:29:39 INFO  : Connected to target on host '127.0.0.1' and port '3121'.
18:29:39 INFO  : Sourcing of 'C:/Users/engrm_000/OneDrive/Vivado_Design_Suite/adder_intergrater/adder_intergrater.sdk/design_1_wrapper_hw_platform_0/ps7_init.tcl' is done.
18:29:40 INFO  : 'targets -set -filter {name =~"APU" && jtag_cable_name =~ "Digilent Zed 210248447539"} -index 0' command is executed.
18:29:40 INFO  : Hardware design information is loaded from 'C:/Users/engrm_000/OneDrive/Vivado_Design_Suite/adder_intergrater/adder_intergrater.sdk/design_1_wrapper_hw_platform_0/system.hdf'.
18:29:40 INFO  : 'targets -set -filter {name =~"APU" && jtag_cable_name =~ "Digilent Zed 210248447539"} -index 0' command is executed.
18:29:40 INFO  : 'stop' command is executed.
18:29:41 INFO  : 'ps7_init' command is executed.
18:29:41 INFO  : 'ps7_post_config' command is executed.
18:29:41 INFO  : 'con' command is executed.
18:29:41 INFO  : Context for processor 'ps7_cortexa9_0' is selected.
18:29:41 INFO  : Processor reset is completed for 'ps7_cortexa9_0'.
18:29:42 INFO  : Context for processor 'ps7_cortexa9_0' is selected.
18:29:42 INFO  : The application 'C:/Users/engrm_000/OneDrive/Vivado_Design_Suite/adder_intergrater/adder_intergrater.sdk/test/Debug/test.elf' is downloaded to processor 'ps7_cortexa9_0'.
18:29:42 INFO  : ----------------XSDB Script----------------
connect -url tcp:127.0.0.1:3121
source C:/Users/engrm_000/OneDrive/Vivado_Design_Suite/adder_intergrater/adder_intergrater.sdk/design_1_wrapper_hw_platform_0/ps7_init.tcl
targets -set -filter {name =~"APU" && jtag_cable_name =~ "Digilent Zed 210248447539"} -index 0
loadhw C:/Users/engrm_000/OneDrive/Vivado_Design_Suite/adder_intergrater/adder_intergrater.sdk/design_1_wrapper_hw_platform_0/system.hdf
targets -set -filter {name =~"APU" && jtag_cable_name =~ "Digilent Zed 210248447539"} -index 0
stop
ps7_init
ps7_post_config
con
targets -set -nocase -filter {name =~ "ARM*#0" && jtag_cable_name =~ "Digilent Zed 210248447539"} -index 0
rst -processor
targets -set -nocase -filter {name =~ "ARM*#0" && jtag_cable_name =~ "Digilent Zed 210248447539"} -index 0
dow C:/Users/engrm_000/OneDrive/Vivado_Design_Suite/adder_intergrater/adder_intergrater.sdk/test/Debug/test.elf
----------------End of Script----------------

18:29:42 INFO  : Memory regions updated for context APU
18:29:42 INFO  : Context for processor 'ps7_cortexa9_0' is selected.
18:29:42 INFO  : 'con' command is executed.
18:29:42 INFO  : ----------------XSDB Script (After Launch)----------------
targets -set -nocase -filter {name =~ "ARM*#0" && jtag_cable_name =~ "Digilent Zed 210248447539"} -index 0
con
----------------End of Script----------------

18:39:25 INFO  : Connected to target on host '127.0.0.1' and port '3121'.
18:39:25 INFO  : 'targets -set -filter {jtag_cable_name =~ "Digilent Zed 210248447539" && level==0} -index 1' command is executed.
18:39:27 INFO  : FPGA configured successfully with bitstream "C:/Users/engrm_000/OneDrive/Vivado_Design_Suite/adder_intergrater/adder_intergrater.sdk/design_1_wrapper_hw_platform_0/design_1_wrapper.bit"
18:39:37 INFO  : Disconnected from the channel tcfchan#1.
18:39:37 INFO  : 'targets -set -filter {jtag_cable_name =~ "Digilent Zed 210248447539" && level==0} -index 1' command is executed.
18:39:37 INFO  : 'fpga -state' command is executed.
18:39:38 INFO  : Connected to target on host '127.0.0.1' and port '3121'.
18:39:38 INFO  : Sourcing of 'C:/Users/engrm_000/OneDrive/Vivado_Design_Suite/adder_intergrater/adder_intergrater.sdk/design_1_wrapper_hw_platform_0/ps7_init.tcl' is done.
18:39:38 INFO  : 'targets -set -filter {name =~"APU" && jtag_cable_name =~ "Digilent Zed 210248447539"} -index 0' command is executed.
18:39:42 INFO  : Hardware design information is loaded from 'C:/Users/engrm_000/OneDrive/Vivado_Design_Suite/adder_intergrater/adder_intergrater.sdk/design_1_wrapper_hw_platform_0/system.hdf'.
18:39:43 INFO  : 'targets -set -filter {name =~"APU" && jtag_cable_name =~ "Digilent Zed 210248447539"} -index 0' command is executed.
18:39:43 INFO  : 'stop' command is executed.
18:39:43 ERROR : Debug context is claimed by another client
18:39:43 INFO  : ----------------XSDB Script----------------
connect -url tcp:127.0.0.1:3121
source C:/Users/engrm_000/OneDrive/Vivado_Design_Suite/adder_intergrater/adder_intergrater.sdk/design_1_wrapper_hw_platform_0/ps7_init.tcl
targets -set -filter {name =~"APU" && jtag_cable_name =~ "Digilent Zed 210248447539"} -index 0
loadhw C:/Users/engrm_000/OneDrive/Vivado_Design_Suite/adder_intergrater/adder_intergrater.sdk/design_1_wrapper_hw_platform_0/system.hdf
targets -set -filter {name =~"APU" && jtag_cable_name =~ "Digilent Zed 210248447539"} -index 0
stop
ps7_init
----------------End of Script----------------

18:43:02 ERROR : Unexpected error while parsing XMD response ?: com.google.gson.JsonSyntaxException: com.google.gson.stream.MalformedJsonException: invalid number or unquoted string near 
19:32:31 INFO  : Launching XSDB server: xsdb.bat C:/Xilinx/SDK/2015.4/scripts/xsdb/xsdb/xsdb-server.tcl
19:32:36 INFO  : XSDB server has started successfully.
19:32:36 INFO  : Processing command line option -hwspec C:/Users/engrm_000/OneDrive/Vivado_Design_Suite/adder_intergrater/adder_intergrater.sdk/design_1_wrapper.hdf.
19:32:37 INFO  : Checking for hwspec changes in the project design_1_wrapper_hw_platform_0.
19:32:39 INFO  : SDK has detected change in the last modified timestamps for source hardware specification file Source:1453400696411,  Project:1453395245397
19:32:39 INFO  : The hardware specification for project 'design_1_wrapper_hw_platform_0' is different from C:/Users/engrm_000/OneDrive/Vivado_Design_Suite/adder_intergrater/adder_intergrater.sdk/design_1_wrapper.hdf.
19:32:39 INFO  : Copied contents of C:/Users/engrm_000/OneDrive/Vivado_Design_Suite/adder_intergrater/adder_intergrater.sdk/design_1_wrapper.hdf into \design_1_wrapper_hw_platform_0\system.hdf.
19:32:44 INFO  : Synchronizing projects in the workspace with the hardware platform specification changes.
19:32:59 ERROR : (XSDB Server)ERROR: [Hsi 55-1545] Problem running tcl command ::sw_standalone_v5_3::generate : No driver for stdin peripheral ps7_uart_1. Check the following reasons: 
 1. ps7_uart_1 is not accessible from processor ps7_cortexa9_0.
 2. No Driver block is defined for ps7_uart_1 in MSS file.
    while executing
"error "No driver for stdin peripheral $stdin. Check the following reasons: \n 1. $stdin is not accessible from processor $processor.\n 2. No Driver bl..."
    (procedure "::hsi::utils::handle_stdin" line 11)
    invoked from within
"::hsi::utils::handle_stdin $os_handle"
    (procedure "::sw_standalone_v5_3::generate" line 168)
    invoked from within
"::sw_standalone_v5_3::generate standalone"

19:32:59 ERROR : (XSDB Server)ERROR: [Hsi 55-1442] Error(s) while running TCL procedure generate()

19:33:00 ERROR : (XSDB Server)ERROR: [Hsi 55-1450] Error: running generate_bsp.

19:33:00 ERROR : Failed to call sync_sw_with_hw_change
Reason: ERROR: [Common 17-39] 'hsi::generate_bsp' failed due to earlier errors.

19:33:00 ERROR : Error updating BSP project MSS files.
19:33:01 INFO  : Updating hardware inferred compiler options for test.
19:33:01 INFO  : Clearing existing target manager status.
19:44:13 INFO  : Connected to target on host '127.0.0.1' and port '3121'.
19:44:14 INFO  : 'targets -set -filter {jtag_cable_name =~ "Digilent Zed 210248447539" && level==0} -index 1' command is executed.
19:44:16 INFO  : FPGA configured successfully with bitstream "C:/Users/engrm_000/OneDrive/Vivado_Design_Suite/adder_intergrater/adder_intergrater.sdk/design_1_wrapper_hw_platform_0/design_1_wrapper.bit"
19:49:34 INFO  : 'targets -set -filter {jtag_cable_name =~ "Digilent Zed 210248447539" && level==0} -index 1' command is executed.
19:49:34 INFO  : 'fpga -state' command is executed.
19:49:34 INFO  : Connected to target on host '127.0.0.1' and port '3121'.
19:49:35 INFO  : Sourcing of 'C:/Users/engrm_000/OneDrive/Vivado_Design_Suite/adder_intergrater/adder_intergrater.sdk/design_1_wrapper_hw_platform_0/ps7_init.tcl' is done.
19:49:35 INFO  : 'targets -set -filter {name =~"APU" && jtag_cable_name =~ "Digilent Zed 210248447539"} -index 0' command is executed.
19:49:35 INFO  : Hardware design information is loaded from 'C:/Users/engrm_000/OneDrive/Vivado_Design_Suite/adder_intergrater/adder_intergrater.sdk/design_1_wrapper_hw_platform_0/system.hdf'.
19:49:35 INFO  : 'targets -set -filter {name =~"APU" && jtag_cable_name =~ "Digilent Zed 210248447539"} -index 0' command is executed.
19:49:35 INFO  : 'stop' command is executed.
19:49:36 ERROR : Debug context is claimed by another client
19:49:36 INFO  : ----------------XSDB Script----------------
connect -url tcp:127.0.0.1:3121
source C:/Users/engrm_000/OneDrive/Vivado_Design_Suite/adder_intergrater/adder_intergrater.sdk/design_1_wrapper_hw_platform_0/ps7_init.tcl
targets -set -filter {name =~"APU" && jtag_cable_name =~ "Digilent Zed 210248447539"} -index 0
loadhw C:/Users/engrm_000/OneDrive/Vivado_Design_Suite/adder_intergrater/adder_intergrater.sdk/design_1_wrapper_hw_platform_0/system.hdf
targets -set -filter {name =~"APU" && jtag_cable_name =~ "Digilent Zed 210248447539"} -index 0
stop
ps7_init
----------------End of Script----------------

19:57:05 INFO  : FPGA Cable Disconnected. All active launches will be terminated.
22:11:42 INFO  : Connected to target on host '127.0.0.1' and port '3121'.
22:11:42 INFO  : 'targets -set -filter {jtag_cable_name =~ "Digilent Zed 210248447539" && level==0} -index 1' command is executed.
22:11:44 INFO  : FPGA configured successfully with bitstream "C:/Users/engrm_000/OneDrive/Vivado_Design_Suite/adder_intergrater/adder_intergrater.sdk/design_1_wrapper_hw_platform_0/design_1_wrapper.bit"
22:14:51 INFO  : Connected to target on host '127.0.0.1' and port '3121'.
22:14:51 INFO  : 'targets -set -filter {jtag_cable_name =~ "Digilent Zed 210248447539" && level==0} -index 1' command is executed.
22:14:51 ERROR : Error occured during Prog B register check
22:15:09 INFO  : Connected to target on host '127.0.0.1' and port '3121'.
22:15:09 INFO  : 'targets -set -filter {jtag_cable_name =~ "Digilent Zed 210248447539" && level==0} -index 1' command is executed.
22:15:09 ERROR : Error occured during Prog B register check
22:15:17 INFO  : FPGA Cable Disconnected. All active launches will be terminated.
22:15:22 INFO  : Connected to target on host '127.0.0.1' and port '3121'.
22:15:23 INFO  : 'targets -set -filter {jtag_cable_name =~ "Digilent Zed 210248447539" && level==0} -index 1' command is executed.
22:15:25 INFO  : FPGA configured successfully with bitstream "C:/Users/engrm_000/OneDrive/Vivado_Design_Suite/adder_intergrater/adder_intergrater.sdk/design_1_wrapper_hw_platform_0/design_1_wrapper.bit"
22:45:53 ERROR : Unexpected error while parsing XMD response ?: com.google.gson.JsonSyntaxException: com.google.gson.stream.MalformedJsonException: invalid number or unquoted string near 
22:54:40 INFO  : Launching XSDB server: xsdb.bat C:/Xilinx/SDK/2015.4/scripts/xsdb/xsdb/xsdb-server.tcl
22:54:45 INFO  : XSDB server has started successfully.
22:54:45 INFO  : Processing command line option -hwspec C:/Users/engrm_000/OneDrive/Vivado_Design_Suite/adder_intergrater/adder_intergrater.sdk/design_1_wrapper.hdf.
23:01:24 INFO  : Connected to target on host '127.0.0.1' and port '3121'.
23:01:24 INFO  : 'targets -set -filter {jtag_cable_name =~ "Digilent Zed 210248447539" && level==0} -index 1' command is executed.
23:01:27 INFO  : FPGA configured successfully with bitstream "C:/Users/engrm_000/OneDrive/Vivado_Design_Suite/adder_intergrater/adder_intergrater.sdk/design_1_wrapper_hw_platform_0/design_1_wrapper.bit"
23:07:23 INFO  : 'targets -set -filter {jtag_cable_name =~ "Digilent Zed 210248447539" && level==0} -index 1' command is executed.
23:07:24 INFO  : 'fpga -state' command is executed.
23:07:24 INFO  : Connected to target on host '127.0.0.1' and port '3121'.
23:07:24 INFO  : Sourcing of 'C:/Users/engrm_000/OneDrive/Vivado_Design_Suite/adder_intergrater/adder_intergrater.sdk/design_1_wrapper_hw_platform_0/ps7_init.tcl' is done.
23:07:24 INFO  : 'targets -set -filter {name =~"APU" && jtag_cable_name =~ "Digilent Zed 210248447539"} -index 0' command is executed.
23:07:24 INFO  : Hardware design information is loaded from 'C:/Users/engrm_000/OneDrive/Vivado_Design_Suite/adder_intergrater/adder_intergrater.sdk/design_1_wrapper_hw_platform_0/system.hdf'.
23:07:25 INFO  : 'targets -set -filter {name =~"APU" && jtag_cable_name =~ "Digilent Zed 210248447539"} -index 0' command is executed.
23:07:25 INFO  : 'stop' command is executed.
23:07:25 ERROR : Debug context is claimed by another client
23:07:25 INFO  : ----------------XSDB Script----------------
connect -url tcp:127.0.0.1:3121
source C:/Users/engrm_000/OneDrive/Vivado_Design_Suite/adder_intergrater/adder_intergrater.sdk/design_1_wrapper_hw_platform_0/ps7_init.tcl
targets -set -filter {name =~"APU" && jtag_cable_name =~ "Digilent Zed 210248447539"} -index 0
loadhw C:/Users/engrm_000/OneDrive/Vivado_Design_Suite/adder_intergrater/adder_intergrater.sdk/design_1_wrapper_hw_platform_0/system.hdf
targets -set -filter {name =~"APU" && jtag_cable_name =~ "Digilent Zed 210248447539"} -index 0
stop
ps7_init
----------------End of Script----------------

23:07:34 INFO  : Connected to target on host '127.0.0.1' and port '3121'.
23:07:34 INFO  : 'targets -set -filter {jtag_cable_name =~ "Digilent Zed 210248447539" && level==0} -index 1' command is executed.
23:07:37 INFO  : FPGA configured successfully with bitstream "C:/Users/engrm_000/OneDrive/Vivado_Design_Suite/adder_intergrater/adder_intergrater.sdk/design_1_wrapper_hw_platform_0/design_1_wrapper.bit"
23:07:43 INFO  : 'targets -set -filter {jtag_cable_name =~ "Digilent Zed 210248447539" && level==0} -index 1' command is executed.
23:07:43 INFO  : 'fpga -state' command is executed.
23:07:43 INFO  : Connected to target on host '127.0.0.1' and port '3121'.
23:07:43 INFO  : Sourcing of 'C:/Users/engrm_000/OneDrive/Vivado_Design_Suite/adder_intergrater/adder_intergrater.sdk/design_1_wrapper_hw_platform_0/ps7_init.tcl' is done.
23:07:43 INFO  : 'targets -set -filter {name =~"APU" && jtag_cable_name =~ "Digilent Zed 210248447539"} -index 0' command is executed.
23:07:44 INFO  : Hardware design information is loaded from 'C:/Users/engrm_000/OneDrive/Vivado_Design_Suite/adder_intergrater/adder_intergrater.sdk/design_1_wrapper_hw_platform_0/system.hdf'.
23:07:44 INFO  : 'targets -set -filter {name =~"APU" && jtag_cable_name =~ "Digilent Zed 210248447539"} -index 0' command is executed.
23:07:44 INFO  : 'stop' command is executed.
23:07:44 ERROR : Debug context is claimed by another client
23:07:44 INFO  : ----------------XSDB Script----------------
connect -url tcp:127.0.0.1:3121
source C:/Users/engrm_000/OneDrive/Vivado_Design_Suite/adder_intergrater/adder_intergrater.sdk/design_1_wrapper_hw_platform_0/ps7_init.tcl
targets -set -filter {name =~"APU" && jtag_cable_name =~ "Digilent Zed 210248447539"} -index 0
loadhw C:/Users/engrm_000/OneDrive/Vivado_Design_Suite/adder_intergrater/adder_intergrater.sdk/design_1_wrapper_hw_platform_0/system.hdf
targets -set -filter {name =~"APU" && jtag_cable_name =~ "Digilent Zed 210248447539"} -index 0
stop
ps7_init
----------------End of Script----------------

23:08:15 INFO  : FPGA Cable Disconnected. All active launches will be terminated.
23:09:32 INFO  : Connected to target on host '127.0.0.1' and port '3121'.
23:09:32 INFO  : 'targets -set -filter {jtag_cable_name =~ "Digilent Zed 210248447539" && level==0} -index 1' command is executed.
23:09:35 INFO  : FPGA configured successfully with bitstream "C:/Users/engrm_000/OneDrive/Vivado_Design_Suite/adder_intergrater/adder_intergrater.sdk/design_1_wrapper_hw_platform_0/design_1_wrapper.bit"
23:12:47 ERROR : Unexpected error while parsing XMD response ?: com.google.gson.JsonSyntaxException: com.google.gson.stream.MalformedJsonException: invalid number or unquoted string near 
00:57:21 INFO  : Launching XSDB server: xsdb.bat C:/Xilinx/SDK/2015.4/scripts/xsdb/xsdb/xsdb-server.tcl
00:57:28 INFO  : XSDB server has started successfully.
00:57:28 INFO  : Processing command line option -hwspec C:/Users/engrm_000/OneDrive/Vivado_Design_Suite/adder_intergrater/adder_intergrater.sdk/design_1_wrapper.hdf.
00:57:29 INFO  : Checking for hwspec changes in the project design_1_wrapper_hw_platform_0.
00:57:31 INFO  : SDK has detected change in the last modified timestamps for source hardware specification file Source:1453420496954,  Project:1453413218382
00:57:31 INFO  : The hardware specification for project 'design_1_wrapper_hw_platform_0' is different from C:/Users/engrm_000/OneDrive/Vivado_Design_Suite/adder_intergrater/adder_intergrater.sdk/design_1_wrapper.hdf.
00:57:31 INFO  : Copied contents of C:/Users/engrm_000/OneDrive/Vivado_Design_Suite/adder_intergrater/adder_intergrater.sdk/design_1_wrapper.hdf into \design_1_wrapper_hw_platform_0\system.hdf.
00:57:37 INFO  : Synchronizing projects in the workspace with the hardware platform specification changes.
00:57:57 INFO  : 
00:57:58 INFO  : Updating hardware inferred compiler options for adder_test.
00:57:58 INFO  : Clearing existing target manager status.
00:57:58 INFO  : Workspace synchronized with the new hardware specification file. Cleaning dependent projects...
00:57:59 WARN  : Linker script will not be updated automatically. Users need to update it manually.
00:58:49 ERROR : Unexpected error while parsing XMD response ?: com.google.gson.JsonSyntaxException: com.google.gson.stream.MalformedJsonException: invalid number or unquoted string near 
00:59:14 INFO  : Launching XSDB server: xsdb.bat C:/Xilinx/SDK/2015.4/scripts/xsdb/xsdb/xsdb-server.tcl
00:59:16 INFO  : XSDB server has started successfully.
00:59:17 INFO  : Processing command line option -hwspec C:/Users/engrm_000/OneDrive/Vivado_Design_Suite/adder_intergrater/adder_intergrater.sdk/design_1_wrapper.hdf.
01:12:41 ERROR : Unexpected error while parsing XMD response ?: com.google.gson.JsonSyntaxException: com.google.gson.stream.MalformedJsonException: invalid number or unquoted string near 
01:15:07 INFO  : Launching XSDB server: xsdb.bat C:/Xilinx/SDK/2015.4/scripts/xsdb/xsdb/xsdb-server.tcl
01:15:10 INFO  : XSDB server has started successfully.
01:15:10 INFO  : Processing command line option -hwspec C:/Users/engrm_000/OneDrive/Vivado_Design_Suite/adder_intergrater/adder_intergrater.sdk/design_1_wrapper.hdf.
01:22:21 ERROR : Unexpected error while parsing XMD response ?: com.google.gson.JsonSyntaxException: com.google.gson.stream.MalformedJsonException: invalid number or unquoted string near 
01:33:46 INFO  : Launching XSDB server: xsdb.bat C:/Xilinx/SDK/2015.4/scripts/xsdb/xsdb/xsdb-server.tcl
01:33:48 INFO  : XSDB server has started successfully.
01:33:48 INFO  : Processing command line option -hwspec C:/Users/engrm_000/OneDrive/Vivado_Design_Suite/adder_intergrater/adder_intergrater.sdk/design_1_wrapper.hdf.
01:40:40 INFO  : Connected to target on host '127.0.0.1' and port '3121'.
01:40:41 INFO  : 'targets -set -filter {jtag_cable_name =~ "Digilent Zed 210248447539" && level==0} -index 1' command is executed.
01:40:43 INFO  : FPGA configured successfully with bitstream "C:/Users/engrm_000/OneDrive/Vivado_Design_Suite/adder_intergrater/adder_intergrater.sdk/design_1_wrapper_hw_platform_0/design_1_wrapper.bit"
01:40:58 INFO  : 'targets -set -filter {jtag_cable_name =~ "Digilent Zed 210248447539" && level==0} -index 1' command is executed.
01:40:58 INFO  : 'fpga -state' command is executed.
01:40:58 INFO  : Connected to target on host '127.0.0.1' and port '3121'.
01:40:59 INFO  : Sourcing of 'C:/Users/engrm_000/OneDrive/Vivado_Design_Suite/adder_intergrater/adder_intergrater.sdk/design_1_wrapper_hw_platform_0/ps7_init.tcl' is done.
01:40:59 INFO  : 'targets -set -filter {name =~"APU" && jtag_cable_name =~ "Digilent Zed 210248447539"} -index 0' command is executed.
01:40:59 INFO  : Hardware design information is loaded from 'C:/Users/engrm_000/OneDrive/Vivado_Design_Suite/adder_intergrater/adder_intergrater.sdk/design_1_wrapper_hw_platform_0/system.hdf'.
01:40:59 INFO  : 'targets -set -filter {name =~"APU" && jtag_cable_name =~ "Digilent Zed 210248447539"} -index 0' command is executed.
01:40:59 INFO  : 'stop' command is executed.
01:41:00 INFO  : 'ps7_init' command is executed.
01:41:00 INFO  : 'ps7_post_config' command is executed.
01:41:00 INFO  : 'con' command is executed.
01:41:00 INFO  : Context for processor 'ps7_cortexa9_0' is selected.
01:41:00 INFO  : Processor reset is completed for 'ps7_cortexa9_0'.
01:41:01 INFO  : Context for processor 'ps7_cortexa9_0' is selected.
01:41:01 INFO  : The application 'C:/Users/engrm_000/OneDrive/Vivado_Design_Suite/adder_intergrater/adder_intergrater.sdk/test_adder/Debug/test_adder.elf' is downloaded to processor 'ps7_cortexa9_0'.
01:41:01 INFO  : ----------------XSDB Script----------------
connect -url tcp:127.0.0.1:3121
source C:/Users/engrm_000/OneDrive/Vivado_Design_Suite/adder_intergrater/adder_intergrater.sdk/design_1_wrapper_hw_platform_0/ps7_init.tcl
targets -set -filter {name =~"APU" && jtag_cable_name =~ "Digilent Zed 210248447539"} -index 0
loadhw C:/Users/engrm_000/OneDrive/Vivado_Design_Suite/adder_intergrater/adder_intergrater.sdk/design_1_wrapper_hw_platform_0/system.hdf
targets -set -filter {name =~"APU" && jtag_cable_name =~ "Digilent Zed 210248447539"} -index 0
stop
ps7_init
ps7_post_config
con
targets -set -nocase -filter {name =~ "ARM*#0" && jtag_cable_name =~ "Digilent Zed 210248447539"} -index 0
rst -processor
targets -set -nocase -filter {name =~ "ARM*#0" && jtag_cable_name =~ "Digilent Zed 210248447539"} -index 0
dow C:/Users/engrm_000/OneDrive/Vivado_Design_Suite/adder_intergrater/adder_intergrater.sdk/test_adder/Debug/test_adder.elf
----------------End of Script----------------

01:41:01 INFO  : Memory regions updated for context APU
01:41:01 INFO  : Context for processor 'ps7_cortexa9_0' is selected.
01:41:01 INFO  : 'con' command is executed.
01:41:01 INFO  : ----------------XSDB Script (After Launch)----------------
targets -set -nocase -filter {name =~ "ARM*#0" && jtag_cable_name =~ "Digilent Zed 210248447539"} -index 0
con
----------------End of Script----------------

01:43:52 INFO  : Connected to target on host '127.0.0.1' and port '3121'.
01:43:52 INFO  : 'targets -set -filter {jtag_cable_name =~ "Digilent Zed 210248447539" && level==0} -index 1' command is executed.
01:43:52 ERROR : Error occured during Prog B register check
01:44:04 INFO  : FPGA Cable Disconnected. All active launches will be terminated.
01:44:11 INFO  : Connected to target on host '127.0.0.1' and port '3121'.
01:44:11 INFO  : 'targets -set -filter {jtag_cable_name =~ "Digilent Zed 210248447539" && level==0} -index 1' command is executed.
01:44:13 INFO  : FPGA configured successfully with bitstream "C:/Users/engrm_000/OneDrive/Vivado_Design_Suite/adder_intergrater/adder_intergrater.sdk/design_1_wrapper_hw_platform_0/design_1_wrapper.bit"
01:47:58 INFO  : Connected to target on host '127.0.0.1' and port '3121'.
01:47:59 INFO  : 'targets -set -filter {jtag_cable_name =~ "Digilent Zed 210248447539" && level==0} -index 1' command is executed.
01:48:01 INFO  : FPGA configured successfully with bitstream "C:/Users/engrm_000/OneDrive/Vivado_Design_Suite/adder_intergrater/adder_intergrater.sdk/design_1_wrapper_hw_platform_0/design_1_wrapper.bit"
01:48:22 INFO  : Disconnected from the channel tcfchan#1.
01:48:22 INFO  : 'targets -set -filter {jtag_cable_name =~ "Digilent Zed 210248447539" && level==0} -index 1' command is executed.
01:48:22 INFO  : 'fpga -state' command is executed.
01:48:22 INFO  : Connected to target on host '127.0.0.1' and port '3121'.
01:48:23 INFO  : Sourcing of 'C:/Users/engrm_000/OneDrive/Vivado_Design_Suite/adder_intergrater/adder_intergrater.sdk/design_1_wrapper_hw_platform_0/ps7_init.tcl' is done.
01:48:23 INFO  : 'targets -set -filter {name =~"APU" && jtag_cable_name =~ "Digilent Zed 210248447539"} -index 0' command is executed.
01:48:26 INFO  : Hardware design information is loaded from 'C:/Users/engrm_000/OneDrive/Vivado_Design_Suite/adder_intergrater/adder_intergrater.sdk/design_1_wrapper_hw_platform_0/system.hdf'.
01:48:26 INFO  : 'targets -set -filter {name =~"APU" && jtag_cable_name =~ "Digilent Zed 210248447539"} -index 0' command is executed.
01:48:26 INFO  : 'stop' command is executed.
01:48:27 INFO  : 'ps7_init' command is executed.
01:48:27 INFO  : 'ps7_post_config' command is executed.
01:48:27 INFO  : 'con' command is executed.
01:48:27 INFO  : Context for processor 'ps7_cortexa9_0' is selected.
01:48:27 INFO  : Processor reset is completed for 'ps7_cortexa9_0'.
01:48:28 INFO  : Context for processor 'ps7_cortexa9_0' is selected.
01:48:28 INFO  : The application 'C:/Users/engrm_000/OneDrive/Vivado_Design_Suite/adder_intergrater/adder_intergrater.sdk/test_adder/Debug/test_adder.elf' is downloaded to processor 'ps7_cortexa9_0'.
01:48:28 INFO  : ----------------XSDB Script----------------
connect -url tcp:127.0.0.1:3121
source C:/Users/engrm_000/OneDrive/Vivado_Design_Suite/adder_intergrater/adder_intergrater.sdk/design_1_wrapper_hw_platform_0/ps7_init.tcl
targets -set -filter {name =~"APU" && jtag_cable_name =~ "Digilent Zed 210248447539"} -index 0
loadhw C:/Users/engrm_000/OneDrive/Vivado_Design_Suite/adder_intergrater/adder_intergrater.sdk/design_1_wrapper_hw_platform_0/system.hdf
targets -set -filter {name =~"APU" && jtag_cable_name =~ "Digilent Zed 210248447539"} -index 0
stop
ps7_init
ps7_post_config
con
targets -set -nocase -filter {name =~ "ARM*#0" && jtag_cable_name =~ "Digilent Zed 210248447539"} -index 0
rst -processor
targets -set -nocase -filter {name =~ "ARM*#0" && jtag_cable_name =~ "Digilent Zed 210248447539"} -index 0
dow C:/Users/engrm_000/OneDrive/Vivado_Design_Suite/adder_intergrater/adder_intergrater.sdk/test_adder/Debug/test_adder.elf
----------------End of Script----------------

01:48:28 INFO  : Memory regions updated for context APU
01:48:28 INFO  : Context for processor 'ps7_cortexa9_0' is selected.
01:48:28 INFO  : 'con' command is executed.
01:48:28 INFO  : ----------------XSDB Script (After Launch)----------------
targets -set -nocase -filter {name =~ "ARM*#0" && jtag_cable_name =~ "Digilent Zed 210248447539"} -index 0
con
----------------End of Script----------------

01:50:53 INFO  : FPGA Cable Disconnected. All active launches will be terminated.
12:38:23 ERROR : Unexpected error while parsing XMD response ?: com.google.gson.JsonSyntaxException: com.google.gson.stream.MalformedJsonException: invalid number or unquoted string near 
12:38:23 INFO  : Launching XSDB server: xsdb.bat C:/Xilinx/SDK/2015.4/scripts/xsdb/xsdb/xsdb-server.tcl
12:41:23 ERROR : Timed out. 180 seconds have elapsed while waiting for XSDB server to launch.
12:41:23 WARN  : Unexpected exception occurred.
java.lang.Exception: java.lang.Error: Channel is waiting for Hello message
	at org.eclipse.tcf.core.Command.<init>(Command.java:83)
	at com.xilinx.sdk.xsdb.XSDBCommandManager$8.<init>(XSDBCommandManager.java:384)
	at com.xilinx.sdk.xsdb.XSDBCommandManager.issueTcfCmd(XSDBCommandManager.java:384)
	at com.xilinx.sdk.xsdb.XSDBCommandManager.access$4(XSDBCommandManager.java:381)
	at com.xilinx.sdk.xsdb.XSDBCommandManager$7.run(XSDBCommandManager.java:376)
	at org.eclipse.tcf.EventQueue.run(EventQueue.java:95)
	at java.lang.Thread.run(Thread.java:745)
Caused by: java.lang.Error: Channel is waiting for Hello message
	at org.eclipse.tcf.core.AbstractChannel.sendCommand(AbstractChannel.java:874)
	at org.eclipse.tcf.core.Command.<init>(Command.java:79)
	... 6 more
12:44:04 INFO  : Launching XSDB server: xsdb.bat C:/Xilinx/SDK/2015.4/scripts/xsdb/xsdb/xsdb-server.tcl
12:44:06 INFO  : XSDB server has started successfully.
12:44:06 INFO  : Processing command line option -hwspec C:/Users/engrm_000/OneDrive/Vivado_Design_Suite/adder_intergrater/adder_intergrater.sdk/design_1_wrapper.hdf.
13:12:51 ERROR : Unexpected error while parsing XMD response ?: com.google.gson.JsonSyntaxException: com.google.gson.stream.MalformedJsonException: invalid number or unquoted string near 
